Using pre-set license
Built from '2020.3/staging' branch; Version is '2020.3.24f1 (79c78de19888) revision 7980941'; Using compiler version '192528614'; Build Type 'Release'
OS: 'Windows 10  (10.0.19043) 64bit Core' Language: 'en' Physical Memory: 8080 MB
BatchMode: 1, IsHumanControllingUs: 0, StartBugReporterOnCrash: 0, Is64bit: 1, IsPro: 0

COMMAND LINE ARGUMENTS:
P:\Unity\Hub\Editor\2020.3.24f1\Editor\Unity.exe
-adb2
-batchMode
-noUpm
-name
AssetImportWorker1
-projectPath
P:/School stuff/Year 4/Future Design/AR Project/My project
-logFile
Logs/AssetImportWorker1.log
-srvPort
62150
Successfully changed project path to: P:/School stuff/Year 4/Future Design/AR Project/My project
P:/School stuff/Year 4/Future Design/AR Project/My project
Using Asset Import Pipeline V2.
Refreshing native plugins compatible for Editor in 63.93 ms, found 13 plugins.
Preloading 2 native plugins for Editor in 2.94 ms.
Initialize engine version: 2020.3.24f1 (79c78de19888)
[Subsystems] Discovering subsystems at path P:/Unity/Hub/Editor/2020.3.24f1/Editor/Data/Resources/UnitySubsystems
[Subsystems] Discovering subsystems at path P:/School stuff/Year 4/Future Design/AR Project/My project/Assets
GfxDevice: creating device client; threaded=0
Direct3D:
    Version:  Direct3D 11.0 [level 11.1]
    Renderer: NVIDIA GeForce GTX 1050 Ti (ID=0x1c8c)
    Vendor:   
    VRAM:     4018 MB
    Driver:   30.0.14.9649
Initialize mono
Mono path[0] = 'P:/Unity/Hub/Editor/2020.3.24f1/Editor/Data/Managed'
Mono path[1] = 'P:/Unity/Hub/Editor/2020.3.24f1/Editor/Data/MonoBleedingEdge/lib/mono/unityjit'
Mono config path = 'P:/Unity/Hub/Editor/2020.3.24f1/Editor/Data/MonoBleedingEdge/etc'
Using monoOptions --debugger-agent=transport=dt_socket,embedding=1,server=y,suspend=n,address=127.0.0.1:56852
Begin MonoManager ReloadAssembly
Registering precompiled unity dll's ...
Register platform support module: P:/Unity/Hub/Editor/2020.3.24f1/Editor/Data/PlaybackEngines/WindowsStandaloneSupport/UnityEditor.WindowsStandalone.Extensions.dll
Registered in 0.001169 seconds.
Native extension for WindowsStandalone target not found
Refreshing native plugins compatible for Editor in 52.04 ms, found 13 plugins.
Preloading 2 native plugins for Editor in 0.08 ms.
Mono: successfully reloaded assembly
- Completed reload, in  0.562 seconds
Domain Reload Profiling:
	ReloadAssembly (562ms)
		BeginReloadAssembly (47ms)
			ExecutionOrderSort (0ms)
			DisableScriptedObjects (0ms)
			BackupInstance (0ms)
			ReleaseScriptingObjects (0ms)
			CreateAndSetChildDomain (1ms)
		EndReloadAssembly (448ms)
			LoadAssemblies (47ms)
			RebuildTransferFunctionScriptingTraits (0ms)
			SetupTypeCache (151ms)
			ReleaseScriptCaches (0ms)
			RebuildScriptCaches (29ms)
			SetupLoadedEditorAssemblies (171ms)
				LogAssemblyErrors (0ms)
				InitializePlatformSupportModulesInManaged (4ms)
				SetLoadedEditorAssemblies (0ms)
				RefreshPlugins (52ms)
				BeforeProcessingInitializeOnLoad (12ms)
				ProcessInitializeOnLoadAttributes (78ms)
				ProcessInitializeOnLoadMethodAttributes (25ms)
				AfterProcessingInitializeOnLoad (0ms)
				EditorAssembliesLoaded (0ms)
			ExecutionOrderSort2 (0ms)
			AwakeInstancesAfterBackupRestoration (0ms)
Platform modules already initialized, skipping
Registering precompiled user dll's ...
Registered in 0.006539 seconds.
Begin MonoManager ReloadAssembly
Native extension for WindowsStandalone target not found
Refreshing native plugins compatible for Editor in 52.69 ms, found 13 plugins.
Preloading 2 native plugins for Editor in 0.09 ms.
[XR] OculusXRPlugin: registering subsystems
[XR] Unable to register display lifecyle provider: [1]
[XR] Oculus Input lifecycle provider registered.
[XR] Unable to register input lifecyle provider: [1]
System.Reflection.TargetInvocationException: Exception has been thrown by the target of an invocation. ---> System.NullReferenceException: Object reference not set to an instance of an object
  at Unity.XR.Oculus.OculusLoader.AssetPathToAbsolutePath (System.String assetPath) [0x00048] in P:\School stuff\Year 4\Future Design\AR Project\My project\Library\PackageCache\com.unity.xr.oculus@1.11.0\Runtime\OculusLoader.cs:250 
  at Unity.XR.Oculus.OculusLoader.EditorLoadOVRPlugin () [0x0007b] in P:\School stuff\Year 4\Future Design\AR Project\My project\Library\PackageCache\com.unity.xr.oculus@1.11.0\Runtime\OculusLoader.cs:235 
  at (wrapper managed-to-native) System.Reflection.MonoMethod.InternalInvoke(System.Reflection.MonoMethod,object,object[],System.Exception&)
  at System.Reflection.MonoMethod.Invoke (System.Object obj, System.Reflection.BindingFlags invokeAttr, System.Reflection.Binder binder, System.Object[] parameters, System.Globalization.CultureInfo culture) [0x00032] in <695d1cc93cca45069c528c15c9fdd749>:0 
   --- End of inner exception stack trace ---
  at System.Reflection.MonoMethod.Invoke (System.Object obj, System.Reflection.BindingFlags invokeAttr, System.Reflection.Binder binder, System.Object[] parameters, System.Globalization.CultureInfo culture) [0x00048] in <695d1cc93cca45069c528c15c9fdd749>:0 
  at System.Reflection.MethodBase.Invoke (System.Object obj, System.Object[] parameters) [0x00000] in <695d1cc93cca45069c528c15c9fdd749>:0 
  at UnityEditor.EditorAssemblies.ProcessInitializeOnLoadMethodAttributes () [0x00047] in <bbfbd5a71eea45d1a1354233c800516b>:0 
UnityEngine.StackTraceUtility:ExtractStackTrace ()
UnityEngine.DebugLogHandler:LogFormat (UnityEngine.LogType,UnityEngine.Object,string,object[])
UnityEngine.Logger:Log (UnityEngine.LogType,object)
UnityEngine.Debug:LogError (object)
UnityEditor.EditorAssemblies:ProcessInitializeOnLoadMethodAttributes ()

Mono: successfully reloaded assembly
- Completed reload, in  6.107 seconds
Domain Reload Profiling:
	ReloadAssembly (6112ms)
		BeginReloadAssembly (153ms)
			ExecutionOrderSort (0ms)
			DisableScriptedObjects (4ms)
			BackupInstance (0ms)
			ReleaseScriptingObjects (0ms)
			CreateAndSetChildDomain (37ms)
		EndReloadAssembly (5904ms)
			LoadAssemblies (3131ms)
			RebuildTransferFunctionScriptingTraits (0ms)
			SetupTypeCache (1071ms)
			ReleaseScriptCaches (0ms)
			RebuildScriptCaches (47ms)
			SetupLoadedEditorAssemblies (1510ms)
				LogAssemblyErrors (0ms)
				InitializePlatformSupportModulesInManaged (4ms)
				SetLoadedEditorAssemblies (0ms)
				RefreshPlugins (53ms)
				BeforeProcessingInitializeOnLoad (102ms)
				ProcessInitializeOnLoadAttributes (413ms)
				ProcessInitializeOnLoadMethodAttributes (927ms)
				AfterProcessingInitializeOnLoad (2ms)
				EditorAssembliesLoaded (9ms)
			ExecutionOrderSort2 (0ms)
			AwakeInstancesAfterBackupRestoration (6ms)
Platform modules already initialized, skipping
========================================================================
Worker process is ready to serve import requests
Launched and connected shader compiler UnityShaderCompiler.exe after 0.32 seconds
Refreshing native plugins compatible for Editor in 0.78 ms, found 13 plugins.
Preloading 2 native plugins for Editor in 0.10 ms.
Unloading 2300 Unused Serialized files (Serialized files now loaded: 0)
System memory in use before: 92.5 MB.
System memory in use after: 92.6 MB.

Unloading 23 unused Assets to reduce memory usage. Loaded Objects now: 2730.
Total: 3.988900 ms (FindLiveObjects: 0.226800 ms CreateObjectMapping: 0.076000 ms MarkObjects: 3.544600 ms  DeleteObjects: 0.139600 ms)

AssetImportParameters requested are different than current active one (requested -> active):
  custom:framework-win-MediaFoundation: 216162199b28c13a410421893ffa2e32 -> 
  custom:video-decoder-ogg-theora: a1e56fd34408186e4bbccfd4996cb3dc -> 
  custom:container-muxer-webm: aa71ff27fc2769a1b78a27578f13a17b -> 
  custom:container-demuxer-webm: 4f35f7cbe854078d1ac9338744f61a02 -> 
  custom:container-demuxer-ogg: 62fdf1f143b41e24485cea50d1cbac27 -> 
  custom:video-encoder-webm-vp8: eb34c28f22e8b96e1ab97ce403110664 -> 
  custom:video-decoder-webm-vp8: 9c59270c3fd7afecdb556c50c9e8de78 -> 
  custom:audio-decoder-ogg-vorbis: bf7c407c2cedff20999df2af8eb42d56 -> 
  custom:audio-encoder-webm-vorbis: bf7c407c2cedff20999df2af8eb42d56 -> 
========================================================================
Received Import Request.
  path: Assets/Scenes/martin sandbox.unity
  artifactKey: Guid(3edaf9d34a6912a46b5a503ba43c281c) Importer(815301076,1909f56bfc062723c751e8b465ee728b)
Start importing Assets/Scenes/martin sandbox.unity using Guid(3edaf9d34a6912a46b5a503ba43c281c) Importer(815301076,1909f56bfc062723c751e8b465ee728b)  -> (artifact id: 'adbdaee99afcf8b37523b319bfd1fbbd') in 0.074508 seconds 
  Import took 0.099150 seconds .

========================================================================
Received Import Request.
  Time since last request: 88.223044 seconds.
  path: Assets/Scenes/BlankAR.unity
  artifactKey: Guid(6bdce89659816455b9f906fc62d19910) Importer(815301076,1909f56bfc062723c751e8b465ee728b)
Start importing Assets/Scenes/BlankAR.unity using Guid(6bdce89659816455b9f906fc62d19910) Importer(815301076,1909f56bfc062723c751e8b465ee728b)  -> (artifact id: '3ba92c84029a57de4580a65c27625d35') in 0.012227 seconds 
  Import took 0.040686 seconds .

========================================================================
Received Import Request.
  Time since last request: 16.164161 seconds.
  path: Assets/3D/Fridge.fbx
  artifactKey: Guid(c36c956a0f171134181c867e43587cb3) Importer(815301076,1909f56bfc062723c751e8b465ee728b)
Start importing Assets/3D/Fridge.fbx using Guid(c36c956a0f171134181c867e43587cb3) Importer(815301076,1909f56bfc062723c751e8b465ee728b)  -> (artifact id: '320ac724e882b2d15debc6a63e81b2d3') in 1.820151 seconds 
  Import took 1.869741 seconds .

========================================================================
Received Import Request.
  Time since last request: 3.630000 seconds.
  path: Assets/ExampleAssets/Tutorial
  artifactKey: Guid(aa5f7db8f388e40c98ecc12b9298dda2) Importer(815301076,1909f56bfc062723c751e8b465ee728b)
Start importing Assets/ExampleAssets/Tutorial using Guid(aa5f7db8f388e40c98ecc12b9298dda2) Importer(815301076,1909f56bfc062723c751e8b465ee728b)  -> (artifact id: 'ebb7dddb0951ca883ea2f086761b88b1') in 0.005684 seconds 
  Import took 0.059606 seconds .

========================================================================
Received Import Request.
  Time since last request: 60.409124 seconds.
  path: Assets/Scenes/gradus sandbox.unity
  artifactKey: Guid(123301a6ba8e7394bbe5537e77759357) Importer(815301076,1909f56bfc062723c751e8b465ee728b)
Start importing Assets/Scenes/gradus sandbox.unity using Guid(123301a6ba8e7394bbe5537e77759357) Importer(815301076,1909f56bfc062723c751e8b465ee728b)  -> (artifact id: '189a2678501217f774b3ac99a0f58938') in 0.007619 seconds 
  Import took 0.045578 seconds .

========================================================================
Received Import Request.
  Time since last request: 1386.345774 seconds.
  path: Assets/ExampleAssets/Tutorial/Images
  artifactKey: Guid(4169c8a7a0818423aa84fe774678e570) Importer(815301076,1909f56bfc062723c751e8b465ee728b)
Start importing Assets/ExampleAssets/Tutorial/Images using Guid(4169c8a7a0818423aa84fe774678e570) Importer(815301076,1909f56bfc062723c751e8b465ee728b)  -> (artifact id: 'ea6af4d97ba1ac88f8b79ee68bf01511') in 0.623733 seconds 
  Import took 1.031394 seconds .

========================================================================
Received Import Request.
  Time since last request: 0.017787 seconds.
  path: Assets/ExampleAssets/Tutorial/Images/project-header-ar.png
  artifactKey: Guid(36ba5f0e57d094b0c9364f801bc2bac0) Importer(815301076,1909f56bfc062723c751e8b465ee728b)
Start importing Assets/ExampleAssets/Tutorial/Images/project-header-ar.png using Guid(36ba5f0e57d094b0c9364f801bc2bac0) Importer(815301076,1909f56bfc062723c751e8b465ee728b)  -> (artifact id: '06ce3fbc98f4e3cc3e1b3bfb0c7a22ef') in 4.297105 seconds 
  Import took 4.360205 seconds .

========================================================================
Received Import Request.
  Time since last request: 0.000333 seconds.
  path: Assets/ExampleAssets/Tutorial/Images/1-welcome-screen-image.png
  artifactKey: Guid(a36153625af524c1f9fb6e04b5ed3e1c) Importer(815301076,1909f56bfc062723c751e8b465ee728b)
Start importing Assets/ExampleAssets/Tutorial/Images/1-welcome-screen-image.png using Guid(a36153625af524c1f9fb6e04b5ed3e1c) Importer(815301076,1909f56bfc062723c751e8b465ee728b)  -> (artifact id: '5ac92974892ef3eb5bb98959be9d0631') in 0.123309 seconds 
  Import took 0.162012 seconds .

========================================================================
Received Import Request.
  Time since last request: 22.033674 seconds.
  path: Assets/XR/XRGeneralSettings.asset
  artifactKey: Guid(58f40b12bbc864f3c96c6505a9a1e1e3) Importer(815301076,1909f56bfc062723c751e8b465ee728b)
Start importing Assets/XR/XRGeneralSettings.asset using Guid(58f40b12bbc864f3c96c6505a9a1e1e3) Importer(815301076,1909f56bfc062723c751e8b465ee728b)  -> (artifact id: '7ead2b65169e6758df6430b6fc8638e3') in 0.820998 seconds 
  Import took 0.906504 seconds .

========================================================================
Received Import Request.
  Time since last request: 12.953270 seconds.
  path: Assets/ExampleAssets/Scenes/SampleScene.unity
  artifactKey: Guid(9fc0d4010bbf28b4594072e72b8655ab) Importer(815301076,1909f56bfc062723c751e8b465ee728b)
Start importing Assets/ExampleAssets/Scenes/SampleScene.unity using Guid(9fc0d4010bbf28b4594072e72b8655ab) Importer(815301076,1909f56bfc062723c751e8b465ee728b)  -> (artifact id: 'fe18fde07614787e05e8452e6820ea78') in 0.026765 seconds 
  Import took 0.083293 seconds .

========================================================================
Received Import Request.
  Time since last request: 702.094579 seconds.
  path: Assets/Fridge Assets
  artifactKey: Guid(b1e30b154fb2c024f9c250dd33d7a90d) Importer(815301076,1909f56bfc062723c751e8b465ee728b)
Start importing Assets/Fridge Assets using Guid(b1e30b154fb2c024f9c250dd33d7a90d) Importer(815301076,1909f56bfc062723c751e8b465ee728b)  -> (artifact id: 'f5c4af16a0eaa36741c0e40da36fc2e9') in 0.102728 seconds 
  Import took 0.175222 seconds .

========================================================================
Received Import Request.
  Time since last request: 8.156811 seconds.
  path: Assets/Fridge Assets/Gradus
  artifactKey: Guid(5ad3efd9f0458f84ea41e8bc92f25844) Importer(815301076,1909f56bfc062723c751e8b465ee728b)
Start importing Assets/Fridge Assets/Gradus using Guid(5ad3efd9f0458f84ea41e8bc92f25844) Importer(815301076,1909f56bfc062723c751e8b465ee728b)  -> (artifact id: '8099b5b77054ddb7e17b6636fba772db') in 0.048947 seconds 
  Import took 0.077214 seconds .

========================================================================
Received Import Request.
  Time since last request: 5.902839 seconds.
  path: Assets/Fridge Assets/Martin
  artifactKey: Guid(3b7442b47b2494f46a3210338a654e1a) Importer(815301076,1909f56bfc062723c751e8b465ee728b)
Start importing Assets/Fridge Assets/Martin using Guid(3b7442b47b2494f46a3210338a654e1a) Importer(815301076,1909f56bfc062723c751e8b465ee728b)  -> (artifact id: '499d00cd22d29dbbf2294564866f29c9') in 0.024653 seconds 
  Import took 0.049099 seconds .

========================================================================
Received Import Request.
  Time since last request: 875.170896 seconds.
  path: Assets/Fridge Assets/Martin/GamePiece.prefab
  artifactKey: Guid(af1b5e2791c2e574683a1284f1b706a1) Importer(815301076,1909f56bfc062723c751e8b465ee728b)
Start importing Assets/Fridge Assets/Martin/GamePiece.prefab using Guid(af1b5e2791c2e574683a1284f1b706a1) Importer(815301076,1909f56bfc062723c751e8b465ee728b)  -> (artifact id: '44aee2d8a8952c974b960e9c1cfe0970') in 2.471410 seconds 
  Import took 2.546353 seconds .

========================================================================
Received Prepare
Registering precompiled user dll's ...
Registered in 4.598918 seconds.
Begin MonoManager ReloadAssembly
Native extension for WindowsStandalone target not found
Refreshing native plugins compatible for Editor in 20.18 ms, found 13 plugins.
Preloading 2 native plugins for Editor in 0.14 ms.
System.Reflection.TargetInvocationException: Exception has been thrown by the target of an invocation. ---> System.NullReferenceException: Object reference not set to an instance of an object
  at Unity.XR.Oculus.OculusLoader.AssetPathToAbsolutePath (System.String assetPath) [0x00048] in P:\School stuff\Year 4\Future Design\AR Project\My project\Library\PackageCache\com.unity.xr.oculus@1.11.0\Runtime\OculusLoader.cs:250 
  at Unity.XR.Oculus.OculusLoader.EditorLoadOVRPlugin () [0x0007b] in P:\School stuff\Year 4\Future Design\AR Project\My project\Library\PackageCache\com.unity.xr.oculus@1.11.0\Runtime\OculusLoader.cs:235 
  at (wrapper managed-to-native) System.Reflection.MonoMethod.InternalInvoke(System.Reflection.MonoMethod,object,object[],System.Exception&)
  at System.Reflection.MonoMethod.Invoke (System.Object obj, System.Reflection.BindingFlags invokeAttr, System.Reflection.Binder binder, System.Object[] parameters, System.Globalization.CultureInfo culture) [0x00032] in <695d1cc93cca45069c528c15c9fdd749>:0 
   --- End of inner exception stack trace ---
  at System.Reflection.MonoMethod.Invoke (System.Object obj, System.Reflection.BindingFlags invokeAttr, System.Reflection.Binder binder, System.Object[] parameters, System.Globalization.CultureInfo culture) [0x00048] in <695d1cc93cca45069c528c15c9fdd749>:0 
  at System.Reflection.MethodBase.Invoke (System.Object obj, System.Object[] parameters) [0x00000] in <695d1cc93cca45069c528c15c9fdd749>:0 
  at UnityEditor.EditorAssemblies.ProcessInitializeOnLoadMethodAttributes () [0x00047] in <bbfbd5a71eea45d1a1354233c800516b>:0 
UnityEngine.StackTraceUtility:ExtractStackTrace ()
UnityEngine.DebugLogHandler:LogFormat (UnityEngine.LogType,UnityEngine.Object,string,object[])
UnityEngine.Logger:Log (UnityEngine.LogType,object)
UnityEngine.Debug:LogError (object)
UnityEditor.EditorAssemblies:ProcessInitializeOnLoadMethodAttributes ()

Mono: successfully reloaded assembly
- Completed reload, in  8.023 seconds
Domain Reload Profiling:
	ReloadAssembly (8123ms)
		BeginReloadAssembly (6314ms)
			ExecutionOrderSort (5ms)
			DisableScriptedObjects (803ms)
			BackupInstance (0ms)
			ReleaseScriptingObjects (0ms)
			CreateAndSetChildDomain (4055ms)
		EndReloadAssembly (1608ms)
			LoadAssemblies (380ms)
			RebuildTransferFunctionScriptingTraits (0ms)
			SetupTypeCache (452ms)
			ReleaseScriptCaches (1ms)
			RebuildScriptCaches (50ms)
			SetupLoadedEditorAssemblies (572ms)
				LogAssemblyErrors (0ms)
				InitializePlatformSupportModulesInManaged (34ms)
				SetLoadedEditorAssemblies (2ms)
				RefreshPlugins (31ms)
				BeforeProcessingInitializeOnLoad (184ms)
				ProcessInitializeOnLoadAttributes (259ms)
				ProcessInitializeOnLoadMethodAttributes (59ms)
				AfterProcessingInitializeOnLoad (2ms)
				EditorAssembliesLoaded (0ms)
			ExecutionOrderSort2 (0ms)
			AwakeInstancesAfterBackupRestoration (6ms)
Platform modules already initialized, skipping
Refreshing native plugins compatible for Editor in 0.79 ms, found 13 plugins.
Preloading 2 native plugins for Editor in 0.09 ms.
Unloading 2247 Unused Serialized files (Serialized files now loaded: 0)
System memory in use before: 94.3 MB.
System memory in use after: 94.5 MB.

Unloading 19 unused Assets to reduce memory usage. Loaded Objects now: 2748.
Total: 13.197700 ms (FindLiveObjects: 0.342900 ms CreateObjectMapping: 0.120300 ms MarkObjects: 12.657200 ms  DeleteObjects: 0.075300 ms)

AssetImportParameters requested are different than current active one (requested -> active):
  custom:framework-win-MediaFoundation: 216162199b28c13a410421893ffa2e32 -> 
  custom:video-decoder-ogg-theora: a1e56fd34408186e4bbccfd4996cb3dc -> 
  custom:container-muxer-webm: aa71ff27fc2769a1b78a27578f13a17b -> 
  custom:container-demuxer-webm: 4f35f7cbe854078d1ac9338744f61a02 -> 
  custom:container-demuxer-ogg: 62fdf1f143b41e24485cea50d1cbac27 -> 
  custom:video-encoder-webm-vp8: eb34c28f22e8b96e1ab97ce403110664 -> 
  custom:video-decoder-webm-vp8: 9c59270c3fd7afecdb556c50c9e8de78 -> 
  custom:audio-decoder-ogg-vorbis: bf7c407c2cedff20999df2af8eb42d56 -> 
  custom:audio-encoder-webm-vorbis: bf7c407c2cedff20999df2af8eb42d56 -> 
========================================================================
Received Import Request.
  Time since last request: 369.998764 seconds.
  path: Assets/Fridge Assets/Martin/NewBehaviourScript.cs
  artifactKey: Guid(1614a58ba94bd164cbaf00dc21d5bc34) Importer(815301076,1909f56bfc062723c751e8b465ee728b)
Start importing Assets/Fridge Assets/Martin/NewBehaviourScript.cs using Guid(1614a58ba94bd164cbaf00dc21d5bc34) Importer(815301076,1909f56bfc062723c751e8b465ee728b)  -> (artifact id: 'b8a960c0ad07de8dac6094f9874cde1c') in 0.047615 seconds 
  Import took 0.051155 seconds .

AssetImportWorkerClient::OnTransportError - code=2 error=End of file
